<?xml version="1.0" encoding="UTF-8"?>
<!-- Generated by org.testng.reporters.JUnitXMLReporter -->
<testsuite ignored="2" hostname="DESKTOP-FHVJCI1" failures="0" tests="1" name="Default test" time="5.027" errors="0" timestamp="2023-12-26T14:39:37 IST">
  <testcase classname="com.dru.qa.registration.testcases.LoginTest" name="@BeforeMethod setup" time="4.914">
    <failure type="java.lang.StackOverflowError">
      <![CDATA[java.lang.StackOverflowError
at java.base/java.util.concurrent.ConcurrentHashMap.putVal(ConcurrentHashMap.java:1012)
at java.base/java.util.concurrent.ConcurrentHashMap.put(ConcurrentHashMap.java:1006)
at java.base/java.util.Properties.put(Properties.java:1346)
at java.base/java.util.Properties.load0(Properties.java:458)
at java.base/java.util.Properties.load(Properties.java:409)
at com.dru.qa.registration.base.Testbase.<init>(Testbase.java:33)
at com.dru.qa.registration.helpers.Helpers.<init>(Helpers.java:25)
at com.dru.qa.registration.pages.LoginPage.<init>(LoginPage.java:34)
at com.dru.qa.registration.pages.LoginPage.<init>(LoginPage.java:35)
at com.dru.qa.registration.pages.LoginPage.<init>(LoginPage.java:35)
at com.dru.qa.registration.pages.LoginPage.<init>(LoginPage.java:35)
at com.dru.qa.registration.pages.LoginPage.<init>(LoginPage.java:35)
at com.dru.qa.registration.pages.LoginPage.<init>(LoginPage.java:35)
at com.dru.qa.registration.pages.LoginPage.<init>(LoginPage.java:35)
at com.dru.qa.registration.pages.LoginPage.<init>(LoginPage.java:35)
at com.dru.qa.registration.pages.LoginPage.<init>(LoginPage.java:35)
at com.dru.qa.registration.pages.LoginPage.<init>(LoginPage.java:35)
at com.dru.qa.registration.pages.LoginPage.<init>(LoginPage.java:35)
at com.dru.qa.registration.pages.LoginPage.<init>(LoginPage.java:35)
at com.dru.qa.registration.pages.LoginPage.<init>(LoginPage.java:35)
at com.dru.qa.registration.pages.LoginPage.<init>(LoginPage.java:35)
at com.dru.qa.registration.pages.LoginPage.<init>(LoginPage.java:35)
at com.dru.qa.registration.pages.LoginPage.<init>(LoginPage.java:35)
at com.dru.qa.registration.pages.LoginPage.<init>(LoginPage.java:35)
at com.dru.qa.registration.pages.LoginPage.<init>(LoginPage.java:35)
at com.dru.qa.registration.pages.LoginPage.<init>(LoginPage.java:35)
at com.dru.qa.registration.pages.LoginPage.<init>(LoginPage.java:35)
at com.dru.qa.registration.pages.LoginPage.<init>(LoginPage.java:35)
at com.dru.qa.registration.pages.LoginPage.<init>(LoginPage.java:35)
at com.dru.qa.registration.pages.LoginPage.<init>(LoginPage.java:35)
at com.dru.qa.registration.pages.LoginPage.<init>(LoginPage.java:35)
at com.dru.qa.registration.pages.LoginPage.<init>(LoginPage.java:35)
at com.dru.qa.registration.pages.LoginPage.<init>(LoginPage.java:35)
at com.dru.qa.registration.pages.LoginPage.<init>(LoginPage.java:35)
at com.dru.qa.registration.pages.LoginPage.<init>(LoginPage.java:35)
at com.dru.qa.registration.pages.LoginPage.<init>(LoginPage.java:35)
at com.dru.qa.registration.pages.LoginPage.<init>(LoginPage.java:35)
at com.dru.qa.registration.pages.LoginPage.<init>(LoginPage.java:35)
at com.dru.qa.registration.pages.LoginPage.<init>(LoginPage.java:35)
at com.dru.qa.registration.pages.LoginPage.<init>(LoginPage.java:35)
at com.dru.qa.registration.pages.LoginPage.<init>(LoginPage.java:35)
at com.dru.qa.registration.pages.LoginPage.<init>(LoginPage.java:35)
at com.dru.qa.registration.pages.LoginPage.<init>(LoginPage.java:35)
at com.dru.qa.registration.pages.LoginPage.<init>(LoginPage.java:35)
at com.dru.qa.registration.pages.LoginPage.<init>(LoginPage.java:35)
at com.dru.qa.registration.pages.LoginPage.<init>(LoginPage.java:35)
at com.dru.qa.registration.pages.LoginPage.<init>(LoginPage.java:35)
at com.dru.qa.registration.pages.LoginPage.<init>(LoginPage.java:35)
at com.dru.qa.registration.pages.LoginPage.<init>(LoginPage.java:35)
at com.dru.qa.registration.pages.LoginPage.<init>(LoginPage.java:35)
at com.dru.qa.registration.pages.LoginPage.<init>(LoginPage.java:35)
at com.dru.qa.registration.pages.LoginPage.<init>(LoginPage.java:35)
at com.dru.qa.registration.pages.LoginPage.<init>(LoginPage.java:35)
at com.dru.qa.registration.pages.LoginPage.<init>(LoginPage.java:35)
at com.dru.qa.registration.pages.LoginPage.<init>(LoginPage.java:35)
at com.dru.qa.registration.pages.LoginPage.<init>(LoginPage.java:35)
at com.dru.qa.registration.pages.LoginPage.<init>(LoginPage.java:35)
at com.dru.qa.registration.pages.LoginPage.<init>(LoginPage.java:35)
at com.dru.qa.registration.pages.LoginPage.<init>(LoginPage.java:35)
at com.dru.qa.registration.pages.LoginPage.<init>(LoginPage.java:35)
at com.dru.qa.registration.pages.LoginPage.<init>(LoginPage.java:35)
at com.dru.qa.registration.pages.LoginPage.<init>(LoginPage.java:35)
at com.dru.qa.registration.pages.LoginPage.<init>(LoginPage.java:35)
at com.dru.qa.registration.pages.LoginPage.<init>(LoginPage.java:35)
at com.dru.qa.registration.pages.LoginPage.<init>(LoginPage.java:35)
at com.dru.qa.registration.pages.LoginPage.<init>(LoginPage.java:35)
at com.dru.qa.registration.pages.LoginPage.<init>(LoginPage.java:35)
at com.dru.qa.registration.pages.LoginPage.<init>(LoginPage.java:35)
at com.dru.qa.registration.pages.LoginPage.<init>(LoginPage.java:35)
at com.dru.qa.registration.pages.LoginPage.<init>(LoginPage.java:35)
at com.dru.qa.registration.pages.LoginPage.<init>(LoginPage.java:35)
at com.dru.qa.registration.pages.LoginPage.<init>(LoginPage.java:35)
at com.dru.qa.registration.pages.LoginPage.<init>(LoginPage.java:35)
at com.dru.qa.registration.pages.LoginPage.<init>(LoginPage.java:35)
at com.dru.qa.registration.pages.LoginPage.<init>(LoginPage.java:35)
at com.dru.qa.registration.pages.LoginPage.<init>(LoginPage.java:35)
at com.dru.qa.registration.pages.LoginPage.<init>(LoginPage.java:35)
at com.dru.qa.registration.pages.LoginPage.<init>(LoginPage.java:35)
at com.dru.qa.registration.pages.LoginPage.<init>(LoginPage.java:35)
at com.dru.qa.registration.pages.LoginPage.<init>(LoginPage.java:35)
at com.dru.qa.registration.pages.LoginPage.<init>(LoginPage.java:35)
at com.dru.qa.registration.pages.LoginPage.<init>(LoginPage.java:35)
at com.dru.qa.registration.pages.LoginPage.<init>(LoginPage.java:35)
at com.dru.qa.registration.pages.LoginPage.<init>(LoginPage.java:35)
at com.dru.qa.registration.pages.LoginPage.<init>(LoginPage.java:35)
at com.dru.qa.registration.pages.LoginPage.<init>(LoginPage.java:35)
at com.dru.qa.registration.pages.LoginPage.<init>(LoginPage.java:35)
at com.dru.qa.registration.pages.LoginPage.<init>(LoginPage.java:35)
at com.dru.qa.registration.pages.LoginPage.<init>(LoginPage.java:35)
at com.dru.qa.registration.pages.LoginPage.<init>(LoginPage.java:35)
at com.dru.qa.registration.pages.LoginPage.<init>(LoginPage.java:35)
at com.dru.qa.registration.pages.LoginPage.<init>(LoginPage.java:35)
at com.dru.qa.registration.pages.LoginPage.<init>(LoginPage.java:35)
at com.dru.qa.registration.pages.LoginPage.<init>(LoginPage.java:35)
at com.dru.qa.registration.pages.LoginPage.<init>(LoginPage.java:35)
at com.dru.qa.registration.pages.LoginPage.<init>(LoginPage.java:35)
at com.dru.qa.registration.pages.LoginPage.<init>(LoginPage.java:35)
at com.dru.qa.registration.pages.LoginPage.<init>(LoginPage.java:35)
at com.dru.qa.registration.pages.LoginPage.<init>(LoginPage.java:35)
at com.dru.qa.registration.pages.LoginPage.<init>(LoginPage.java:35)
at com.dru.qa.registration.pages.LoginPage.<init>(LoginPage.java:35)
at com.dru.qa.registration.pages.LoginPage.<init>(LoginPage.java:35)
at com.dru.qa.registration.pages.LoginPage.<init>(LoginPage.java:35)
at com.dru.qa.registration.pages.LoginPage.<init>(LoginPage.java:35)
at com.dru.qa.registration.pages.LoginPage.<init>(LoginPage.java:35)
at com.dru.qa.registration.pages.LoginPage.<init>(LoginPage.java:35)
at com.dru.qa.registration.pages.LoginPage.<init>(LoginPage.java:35)
at com.dru.qa.registration.pages.LoginPage.<init>(LoginPage.java:35)
at com.dru.qa.registration.pages.LoginPage.<init>(LoginPage.java:35)
at com.dru.qa.registration.pages.LoginPage.<init>(LoginPage.java:35)
at com.dru.qa.registration.pages.LoginPage.<init>(LoginPage.java:35)
at com.dru.qa.registration.pages.LoginPage.<init>(LoginPage.java:35)
at com.dru.qa.registration.pages.LoginPage.<init>(LoginPage.java:35)
at com.dru.qa.registration.pages.LoginPage.<init>(LoginPage.java:35)
at com.dru.qa.registration.pages.LoginPage.<init>(LoginPage.java:35)
at com.dru.qa.registration.pages.LoginPage.<init>(LoginPage.java:35)
at com.dru.qa.registration.pages.LoginPage.<init>(LoginPage.java:35)
at com.dru.qa.registration.pages.LoginPage.<init>(LoginPage.java:35)
at com.dru.qa.registration.pages.LoginPage.<init>(LoginPage.java:35)
at com.dru.qa.registration.pages.LoginPage.<init>(LoginPage.java:35)
at com.dru.qa.registration.pages.LoginPage.<init>(LoginPage.java:35)
at com.dru.qa.registration.pages.LoginPage.<init>(LoginPage.java:35)
at com.dru.qa.registration.pages.LoginPage.<init>(LoginPage.java:35)
at com.dru.qa.registration.pages.LoginPage.<init>(LoginPage.java:35)
at com.dru.qa.registration.pages.LoginPage.<init>(LoginPage.java:35)
at com.dru.qa.registration.pages.LoginPage.<init>(LoginPage.java:35)
at com.dru.qa.registration.pages.LoginPage.<init>(LoginPage.java:35)
at com.dru.qa.registration.pages.LoginPage.<init>(LoginPage.java:35)
at com.dru.qa.registration.pages.LoginPage.<init>(LoginPage.java:35)
at com.dru.qa.registration.pages.LoginPage.<init>(LoginPage.java:35)
at com.dru.qa.registration.pages.LoginPage.<init>(LoginPage.java:35)
at com.dru.qa.registration.pages.LoginPage.<init>(LoginPage.java:35)
at com.dru.qa.registration.pages.LoginPage.<init>(LoginPage.java:35)
at com.dru.qa.registration.pages.LoginPage.<init>(LoginPage.java:35)
at com.dru.qa.registration.pages.LoginPage.<init>(LoginPage.java:35)
at com.dru.qa.registration.pages.LoginPage.<init>(LoginPage.java:35)
at com.dru.qa.registration.pages.LoginPage.<init>(LoginPage.java:35)
at com.dru.qa.registration.pages.LoginPage.<init>(LoginPage.java:35)
at com.dru.qa.registration.pages.LoginPage.<init>(LoginPage.java:35)
at com.dru.qa.registration.pages.LoginPage.<init>(LoginPage.java:35)
at com.dru.qa.registration.pages.LoginPage.<init>(LoginPage.java:35)
at com.dru.qa.registration.pages.LoginPage.<init>(LoginPage.java:35)
at com.dru.qa.registration.pages.LoginPage.<init>(LoginPage.java:35)
at com.dru.qa.registration.pages.LoginPage.<init>(LoginPage.java:35)
at com.dru.qa.registration.pages.LoginPage.<init>(LoginPage.java:35)
at com.dru.qa.registration.pages.LoginPage.<init>(LoginPage.java:35)
at com.dru.qa.registration.pages.LoginPage.<init>(LoginPage.java:35)
at com.dru.qa.registration.pages.LoginPage.<init>(LoginPage.java:35)
at com.dru.qa.registration.pages.LoginPage.<init>(LoginPage.java:35)
at com.dru.qa.registration.pages.LoginPage.<init>(LoginPage.java:35)
at com.dru.qa.registration.pages.LoginPage.<init>(LoginPage.java:35)
at com.dru.qa.registration.pages.LoginPage.<init>(LoginPage.java:35)
at com.dru.qa.registration.pages.LoginPage.<init>(LoginPage.java:35)
at com.dru.qa.registration.pages.LoginPage.<init>(LoginPage.java:35)
at com.dru.qa.registration.pages.LoginPage.<init>(LoginPage.java:35)
at com.dru.qa.registration.pages.LoginPage.<init>(LoginPage.java:35)
at com.dru.qa.registration.pages.LoginPage.<init>(LoginPage.java:35)
at com.dru.qa.registration.pages.LoginPage.<init>(LoginPage.java:35)
at com.dru.qa.registration.pages.LoginPage.<init>(LoginPage.java:35)
at com.dru.qa.registration.pages.LoginPage.<init>(LoginPage.java:35)
at com.dru.qa.registration.pages.LoginPage.<init>(LoginPage.java:35)
at com.dru.qa.registration.pages.LoginPage.<init>(LoginPage.java:35)
at com.dru.qa.registration.pages.LoginPage.<init>(LoginPage.java:35)
at com.dru.qa.registration.pages.LoginPage.<init>(LoginPage.java:35)
at com.dru.qa.registration.pages.LoginPage.<init>(LoginPage.java:35)
at com.dru.qa.registration.pages.LoginPage.<init>(LoginPage.java:35)
at com.dru.qa.registration.pages.LoginPage.<init>(LoginPage.java:35)
at com.dru.qa.registration.pages.LoginPage.<init>(LoginPage.java:35)
at com.dru.qa.registration.pages.LoginPage.<init>(LoginPage.java:35)
at com.dru.qa.registration.pages.LoginPage.<init>(LoginPage.java:35)
at com.dru.qa.registration.pages.LoginPage.<init>(LoginPage.java:35)
at com.dru.qa.registration.pages.LoginPage.<init>(LoginPage.java:35)
at com.dru.qa.registration.pages.LoginPage.<init>(LoginPage.java:35)
at com.dru.qa.registration.pages.LoginPage.<init>(LoginPage.java:35)
at com.dru.qa.registration.pages.LoginPage.<init>(LoginPage.java:35)
at com.dru.qa.registration.pages.LoginPage.<init>(LoginPage.java:35)
at com.dru.qa.registration.pages.LoginPage.<init>(LoginPage.java:35)
at com.dru.qa.registration.pages.LoginPage.<init>(LoginPage.java:35)
at com.dru.qa.registration.pages.LoginPage.<init>(LoginPage.java:35)
at com.dru.qa.registration.pages.LoginPage.<init>(LoginPage.java:35)
at com.dru.qa.registration.pages.LoginPage.<init>(LoginPage.java:35)
at com.dru.qa.registration.pages.LoginPage.<init>(LoginPage.java:35)
at com.dru.qa.registration.pages.LoginPage.<init>(LoginPage.java:35)
at com.dru.qa.registration.pages.LoginPage.<init>(LoginPage.java:35)
at com.dru.qa.registration.pages.LoginPage.<init>(LoginPage.java:35)
at com.dru.qa.registration.pages.LoginPage.<init>(LoginPage.java:35)
at com.dru.qa.registration.pages.LoginPage.<init>(LoginPage.java:35)
at com.dru.qa.registration.pages.LoginPage.<init>(LoginPage.java:35)
at com.dru.qa.registration.pages.LoginPage.<init>(LoginPage.java:35)
at com.dru.qa.registration.pages.LoginPage.<init>(LoginPage.java:35)
at com.dru.qa.registration.pages.LoginPage.<init>(LoginPage.java:35)
at com.dru.qa.registration.pages.LoginPage.<init>(LoginPage.java:35)
at com.dru.qa.registration.pages.LoginPage.<init>(LoginPage.java:35)
at com.dru.qa.registration.pages.LoginPage.<init>(LoginPage.java:35)
at com.dru.qa.registration.pages.LoginPage.<init>(LoginPage.java:35)
at com.dru.qa.registration.pages.LoginPage.<init>(LoginPage.java:35)
at com.dru.qa.registration.pages.LoginPage.<init>(LoginPage.java:35)
at com.dru.qa.registration.pages.LoginPage.<init>(LoginPage.java:35)
at com.dru.qa.registration.pages.LoginPage.<init>(LoginPage.java:35)
at com.dru.qa.registration.pages.LoginPage.<init>(LoginPage.java:35)
at com.dru.qa.registration.pages.LoginPage.<init>(LoginPage.java:35)
at com.dru.qa.registration.pages.LoginPage.<init>(LoginPage.java:35)
at com.dru.qa.registration.pages.LoginPage.<init>(LoginPage.java:35)
at com.dru.qa.registration.pages.LoginPage.<init>(LoginPage.java:35)
at com.dru.qa.registration.pages.LoginPage.<init>(LoginPage.java:35)
at com.dru.qa.registration.pages.LoginPage.<init>(LoginPage.java:35)
at com.dru.qa.registration.pages.LoginPage.<init>(LoginPage.java:35)
at com.dru.qa.registration.pages.LoginPage.<init>(LoginPage.java:35)
at com.dru.qa.registration.pages.LoginPage.<init>(LoginPage.java:35)
at com.dru.qa.registration.pages.LoginPage.<init>(LoginPage.java:35)
at com.dru.qa.registration.pages.LoginPage.<init>(LoginPage.java:35)
at com.dru.qa.registration.pages.LoginPage.<init>(LoginPage.java:35)
at com.dru.qa.registration.pages.LoginPage.<init>(LoginPage.java:35)
at com.dru.qa.registration.pages.LoginPage.<init>(LoginPage.java:35)
at com.dru.qa.registration.pages.LoginPage.<init>(LoginPage.java:35)
at com.dru.qa.registration.pages.LoginPage.<init>(LoginPage.java:35)
at com.dru.qa.registration.pages.LoginPage.<init>(LoginPage.java:35)
at com.dru.qa.registration.pages.LoginPage.<init>(LoginPage.java:35)
at com.dru.qa.registration.pages.LoginPage.<init>(LoginPage.java:35)
at com.dru.qa.registration.pages.LoginPage.<init>(LoginPage.java:35)
at com.dru.qa.registration.pages.LoginPage.<init>(LoginPage.java:35)
at com.dru.qa.registration.pages.LoginPage.<init>(LoginPage.java:35)
at com.dru.qa.registration.pages.LoginPage.<init>(LoginPage.java:35)
at com.dru.qa.registration.pages.LoginPage.<init>(LoginPage.java:35)
at com.dru.qa.registration.pages.LoginPage.<init>(LoginPage.java:35)
at com.dru.qa.registration.pages.LoginPage.<init>(LoginPage.java:35)
at com.dru.qa.registration.pages.LoginPage.<init>(LoginPage.java:35)
at com.dru.qa.registration.pages.LoginPage.<init>(LoginPage.java:35)
at com.dru.qa.registration.pages.LoginPage.<init>(LoginPage.java:35)
at com.dru.qa.registration.pages.LoginPage.<init>(LoginPage.java:35)
at com.dru.qa.registration.pages.LoginPage.<init>(LoginPage.java:35)
at com.dru.qa.registration.pages.LoginPage.<init>(LoginPage.java:35)
at com.dru.qa.registration.pages.LoginPage.<init>(LoginPage.java:35)
at com.dru.qa.registration.pages.LoginPage.<init>(LoginPage.java:35)
at com.dru.qa.registration.pages.LoginPage.<init>(LoginPage.java:35)
at com.dru.qa.registration.pages.LoginPage.<init>(LoginPage.java:35)
at com.dru.qa.registration.pages.LoginPage.<init>(LoginPage.java:35)
at com.dru.qa.registration.pages.LoginPage.<init>(LoginPage.java:35)
at com.dru.qa.registration.pages.LoginPage.<init>(LoginPage.java:35)
at com.dru.qa.registration.pages.LoginPage.<init>(LoginPage.java:35)
at com.dru.qa.registration.pages.LoginPage.<init>(LoginPage.java:35)
at com.dru.qa.registration.pages.LoginPage.<init>(LoginPage.java:35)
at com.dru.qa.registration.pages.LoginPage.<init>(LoginPage.java:35)
at com.dru.qa.registration.pages.LoginPage.<init>(LoginPage.java:35)
at com.dru.qa.registration.pages.LoginPage.<init>(LoginPage.java:35)
at com.dru.qa.registration.pages.LoginPage.<init>(LoginPage.java:35)
at com.dru.qa.registration.pages.LoginPage.<init>(LoginPage.java:35)
at com.dru.qa.registration.pages.LoginPage.<init>(LoginPage.java:35)
at com.dru.qa.registration.pages.LoginPage.<init>(LoginPage.java:35)
at com.dru.qa.registration.pages.LoginPage.<init>(LoginPage.java:35)
at com.dru.qa.registration.pages.LoginPage.<init>(LoginPage.java:35)
at com.dru.qa.registration.pages.LoginPage.<init>(LoginPage.java:35)
at com.dru.qa.registration.pages.LoginPage.<init>(LoginPage.java:35)
at com.dru.qa.registration.pages.LoginPage.<init>(LoginPage.java:35)
at com.dru.qa.registration.pages.LoginPage.<init>(LoginPage.java:35)
at com.dru.qa.registration.pages.LoginPage.<init>(LoginPage.java:35)
at com.dru.qa.registration.pages.LoginPage.<init>(LoginPage.java:35)
at com.dru.qa.registration.pages.LoginPage.<init>(LoginPage.java:35)
at com.dru.qa.registration.pages.LoginPage.<init>(LoginPage.java:35)
at com.dru.qa.registration.pages.LoginPage.<init>(LoginPage.java:35)
at com.dru.qa.registration.pages.LoginPage.<init>(LoginPage.java:35)
at com.dru.qa.registration.pages.LoginPage.<init>(LoginPage.java:35)
at com.dru.qa.registration.pages.LoginPage.<init>(LoginPage.java:35)
at com.dru.qa.registration.pages.LoginPage.<init>(LoginPage.java:35)
at com.dru.qa.registration.pages.LoginPage.<init>(LoginPage.java:35)
at com.dru.qa.registration.pages.LoginPage.<init>(LoginPage.java:35)
at com.dru.qa.registration.pages.LoginPage.<init>(LoginPage.java:35)
at com.dru.qa.registration.pages.LoginPage.<init>(LoginPage.java:35)
at com.dru.qa.registration.pages.LoginPage.<init>(LoginPage.java:35)
at com.dru.qa.registration.pages.LoginPage.<init>(LoginPage.java:35)
at com.dru.qa.registration.pages.LoginPage.<init>(LoginPage.java:35)
at com.dru.qa.registration.pages.LoginPage.<init>(LoginPage.java:35)
at com.dru.qa.registration.pages.LoginPage.<init>(LoginPage.java:35)
at com.dru.qa.registration.pages.LoginPage.<init>(LoginPage.java:35)
at com.dru.qa.registration.pages.LoginPage.<init>(LoginPage.java:35)
at com.dru.qa.registration.pages.LoginPage.<init>(LoginPage.java:35)
at com.dru.qa.registration.pages.LoginPage.<init>(LoginPage.java:35)
at com.dru.qa.registration.pages.LoginPage.<init>(LoginPage.java:35)
at com.dru.qa.registration.pages.LoginPage.<init>(LoginPage.java:35)
at com.dru.qa.registration.pages.LoginPage.<init>(LoginPage.java:35)
at com.dru.qa.registration.pages.LoginPage.<init>(LoginPage.java:35)
at com.dru.qa.registration.pages.LoginPage.<init>(LoginPage.java:35)
at com.dru.qa.registration.pages.LoginPage.<init>(LoginPage.java:35)
at com.dru.qa.registration.pages.LoginPage.<init>(LoginPage.java:35)
at com.dru.qa.registration.pages.LoginPage.<init>(LoginPage.java:35)
at com.dru.qa.registration.pages.LoginPage.<init>(LoginPage.java:35)
at com.dru.qa.registration.pages.LoginPage.<init>(LoginPage.java:35)
at com.dru.qa.registration.pages.LoginPage.<init>(LoginPage.java:35)
at com.dru.qa.registration.pages.LoginPage.<init>(LoginPage.java:35)
at com.dru.qa.registration.pages.LoginPage.<init>(LoginPage.java:35)
at com.dru.qa.registration.pages.LoginPage.<init>(LoginPage.java:35)
at com.dru.qa.registration.pages.LoginPage.<init>(LoginPage.java:35)
at com.dru.qa.registration.pages.LoginPage.<init>(LoginPage.java:35)
at com.dru.qa.registration.pages.LoginPage.<init>(LoginPage.java:35)
at com.dru.qa.registration.pages.LoginPage.<init>(LoginPage.java:35)
at com.dru.qa.registration.pages.LoginPage.<init>(LoginPage.java:35)
at com.dru.qa.registration.pages.LoginPage.<init>(LoginPage.java:35)
at com.dru.qa.registration.pages.LoginPage.<init>(LoginPage.java:35)
at com.dru.qa.registration.pages.LoginPage.<init>(LoginPage.java:35)
at com.dru.qa.registration.pages.LoginPage.<init>(LoginPage.java:35)
at com.dru.qa.registration.pages.LoginPage.<init>(LoginPage.java:35)
at com.dru.qa.registration.pages.LoginPage.<init>(LoginPage.java:35)
at com.dru.qa.registration.pages.LoginPage.<init>(LoginPage.java:35)
at com.dru.qa.registration.pages.LoginPage.<init>(LoginPage.java:35)
at com.dru.qa.registration.pages.LoginPage.<init>(LoginPage.java:35)
at com.dru.qa.registration.pages.LoginPage.<init>(LoginPage.java:35)
at com.dru.qa.registration.pages.LoginPage.<init>(LoginPage.java:35)
at com.dru.qa.registration.pages.LoginPage.<init>(LoginPage.java:35)
at com.dru.qa.registration.pages.LoginPage.<init>(LoginPage.java:35)
at com.dru.qa.registration.pages.LoginPage.<init>(LoginPage.java:35)
at com.dru.qa.registration.pages.LoginPage.<init>(LoginPage.java:35)
at com.dru.qa.registration.pages.LoginPage.<init>(LoginPage.java:35)
at com.dru.qa.registration.pages.LoginPage.<init>(LoginPage.java:35)
at com.dru.qa.registration.pages.LoginPage.<init>(LoginPage.java:35)
at com.dru.qa.registration.pages.LoginPage.<init>(LoginPage.java:35)
at com.dru.qa.registration.pages.LoginPage.<init>(LoginPage.java:35)
at com.dru.qa.registration.pages.LoginPage.<init>(LoginPage.java:35)
at com.dru.qa.registration.pages.LoginPage.<init>(LoginPage.java:35)
at com.dru.qa.registration.pages.LoginPage.<init>(LoginPage.java:35)
at com.dru.qa.registration.pages.LoginPage.<init>(LoginPage.java:35)
at com.dru.qa.registration.pages.LoginPage.<init>(LoginPage.java:35)
at com.dru.qa.registration.pages.LoginPage.<init>(LoginPage.java:35)
at com.dru.qa.registration.pages.LoginPage.<init>(LoginPage.java:35)
at com.dru.qa.registration.pages.LoginPage.<init>(LoginPage.java:35)
at com.dru.qa.registration.pages.LoginPage.<init>(LoginPage.java:35)
at com.dru.qa.registration.pages.LoginPage.<init>(LoginPage.java:35)
at com.dru.qa.registration.pages.LoginPage.<init>(LoginPage.java:35)
at com.dru.qa.registration.pages.LoginPage.<init>(LoginPage.java:35)
at com.dru.qa.registration.pages.LoginPage.<init>(LoginPage.java:35)
at com.dru.qa.registration.pages.LoginPage.<init>(LoginPage.java:35)
at com.dru.qa.registration.pages.LoginPage.<init>(LoginPage.java:35)
at com.dru.qa.registration.pages.LoginPage.<init>(LoginPage.java:35)
at com.dru.qa.registration.pages.LoginPage.<init>(LoginPage.java:35)
at com.dru.qa.registration.pages.LoginPage.<init>(LoginPage.java:35)
at com.dru.qa.registration.pages.LoginPage.<init>(LoginPage.java:35)
at com.dru.qa.registration.pages.LoginPage.<init>(LoginPage.java:35)
at com.dru.qa.registration.pages.LoginPage.<init>(LoginPage.java:35)
at com.dru.qa.registration.pages.LoginPage.<init>(LoginPage.java:35)
at com.dru.qa.registration.pages.LoginPage.<init>(LoginPage.java:35)
at com.dru.qa.registration.pages.LoginPage.<init>(LoginPage.java:35)
at com.dru.qa.registration.pages.LoginPage.<init>(LoginPage.java:35)
at com.dru.qa.registration.pages.LoginPage.<init>(LoginPage.java:35)
at com.dru.qa.registration.pages.LoginPage.<init>(LoginPage.java:35)
at com.dru.qa.registration.pages.LoginPage.<init>(LoginPage.java:35)
at com.dru.qa.registration.pages.LoginPage.<init>(LoginPage.java:35)
at com.dru.qa.registration.pages.LoginPage.<init>(LoginPage.java:35)
at com.dru.qa.registration.pages.LoginPage.<init>(LoginPage.java:35)
at com.dru.qa.registration.pages.LoginPage.<init>(LoginPage.java:35)
at com.dru.qa.registration.pages.LoginPage.<init>(LoginPage.java:35)
at com.dru.qa.registration.pages.LoginPage.<init>(LoginPage.java:35)
at com.dru.qa.registration.pages.LoginPage.<init>(LoginPage.java:35)
at com.dru.qa.registration.pages.LoginPage.<init>(LoginPage.java:35)
at com.dru.qa.registration.pages.LoginPage.<init>(LoginPage.java:35)
at com.dru.qa.registration.pages.LoginPage.<init>(LoginPage.java:35)
at com.dru.qa.registration.pages.LoginPage.<init>(LoginPage.java:35)
at com.dru.qa.registration.pages.LoginPage.<init>(LoginPage.java:35)
at com.dru.qa.registration.pages.LoginPage.<init>(LoginPage.java:35)
at com.dru.qa.registration.pages.LoginPage.<init>(LoginPage.java:35)
at com.dru.qa.registration.pages.LoginPage.<init>(LoginPage.java:35)
at com.dru.qa.registration.pages.LoginPage.<init>(LoginPage.java:35)
at com.dru.qa.registration.pages.LoginPage.<init>(LoginPage.java:35)
at com.dru.qa.registration.pages.LoginPage.<init>(LoginPage.java:35)
at com.dru.qa.registration.pages.LoginPage.<init>(LoginPage.java:35)
at com.dru.qa.registration.pages.LoginPage.<init>(LoginPage.java:35)
at com.dru.qa.registration.pages.LoginPage.<init>(LoginPage.java:35)
at com.dru.qa.registration.pages.LoginPage.<init>(LoginPage.java:35)
at com.dru.qa.registration.pages.LoginPage.<init>(LoginPage.java:35)
at com.dru.qa.registration.pages.LoginPage.<init>(LoginPage.java:35)
at com.dru.qa.registration.pages.LoginPage.<init>(LoginPage.java:35)
at com.dru.qa.registration.pages.LoginPage.<init>(LoginPage.java:35)
at com.dru.qa.registration.pages.LoginPage.<init>(LoginPage.java:35)
at com.dru.qa.registration.pages.LoginPage.<init>(LoginPage.java:35)
at com.dru.qa.registration.pages.LoginPage.<init>(LoginPage.java:35)
at com.dru.qa.registration.pages.LoginPage.<init>(LoginPage.java:35)
at com.dru.qa.registration.pages.LoginPage.<init>(LoginPage.java:35)
at com.dru.qa.registration.pages.LoginPage.<init>(LoginPage.java:35)
at com.dru.qa.registration.pages.LoginPage.<init>(LoginPage.java:35)
at com.dru.qa.registration.pages.LoginPage.<init>(LoginPage.java:35)
at com.dru.qa.registration.pages.LoginPage.<init>(LoginPage.java:35)
at com.dru.qa.registration.pages.LoginPage.<init>(LoginPage.java:35)
at com.dru.qa.registration.pages.LoginPage.<init>(LoginPage.java:35)
at com.dru.qa.registration.pages.LoginPage.<init>(LoginPage.java:35)
at com.dru.qa.registration.pages.LoginPage.<init>(LoginPage.java:35)
at com.dru.qa.registration.pages.LoginPage.<init>(LoginPage.java:35)
at com.dru.qa.registration.pages.LoginPage.<init>(LoginPage.java:35)
at com.dru.qa.registration.pages.LoginPage.<init>(LoginPage.java:35)
at com.dru.qa.registration.pages.LoginPage.<init>(LoginPage.java:35)
at com.dru.qa.registration.pages.LoginPage.<init>(LoginPage.java:35)
at com.dru.qa.registration.pages.LoginPage.<init>(LoginPage.java:35)
at com.dru.qa.registration.pages.LoginPage.<init>(LoginPage.java:35)
at com.dru.qa.registration.pages.LoginPage.<init>(LoginPage.java:35)
at com.dru.qa.registration.pages.LoginPage.<init>(LoginPage.java:35)
at com.dru.qa.registration.pages.LoginPage.<init>(LoginPage.java:35)
at com.dru.qa.registration.pages.LoginPage.<init>(LoginPage.java:35)
at com.dru.qa.registration.pages.LoginPage.<init>(LoginPage.java:35)
at com.dru.qa.registration.pages.LoginPage.<init>(LoginPage.java:35)
at com.dru.qa.registration.pages.LoginPage.<init>(LoginPage.java:35)
at com.dru.qa.registration.pages.LoginPage.<init>(LoginPage.java:35)
at com.dru.qa.registration.pages.LoginPage.<init>(LoginPage.java:35)
at com.dru.qa.registration.pages.LoginPage.<init>(LoginPage.java:35)
at com.dru.qa.registration.pages.LoginPage.<init>(LoginPage.java:35)
at com.dru.qa.registration.pages.LoginPage.<init>(LoginPage.java:35)
at com.dru.qa.registration.pages.LoginPage.<init>(LoginPage.java:35)
at com.dru.qa.registration.pages.LoginPage.<init>(LoginPage.java:35)
at com.dru.qa.registration.pages.LoginPage.<init>(LoginPage.java:35)
at com.dru.qa.registration.pages.LoginPage.<init>(LoginPage.java:35)
at com.dru.qa.registration.pages.LoginPage.<init>(LoginPage.java:35)
at com.dru.qa.registration.pages.LoginPage.<init>(LoginPage.java:35)
at com.dru.qa.registration.pages.LoginPage.<init>(LoginPage.java:35)
at com.dru.qa.registration.pages.LoginPage.<init>(LoginPage.java:35)
at com.dru.qa.registration.pages.LoginPage.<init>(LoginPage.java:35)
at com.dru.qa.registration.pages.LoginPage.<init>(LoginPage.java:35)
at com.dru.qa.registration.pages.LoginPage.<init>(LoginPage.java:35)
at com.dru.qa.registration.pages.LoginPage.<init>(LoginPage.java:35)
at com.dru.qa.registration.pages.LoginPage.<init>(LoginPage.java:35)
at com.dru.qa.registration.pages.LoginPage.<init>(LoginPage.java:35)
at com.dru.qa.registration.pages.LoginPage.<init>(LoginPage.java:35)
at com.dru.qa.registration.pages.LoginPage.<init>(LoginPage.java:35)
at com.dru.qa.registration.pages.LoginPage.<init>(LoginPage.java:35)
at com.dru.qa.registration.pages.LoginPage.<init>(LoginPage.java:35)
at com.dru.qa.registration.pages.LoginPage.<init>(LoginPage.java:35)
at com.dru.qa.registration.pages.LoginPage.<init>(LoginPage.java:35)
at com.dru.qa.registration.pages.LoginPage.<init>(LoginPage.java:35)
at com.dru.qa.registration.pages.LoginPage.<init>(LoginPage.java:35)
at com.dru.qa.registration.pages.LoginPage.<init>(LoginPage.java:35)
at com.dru.qa.registration.pages.LoginPage.<init>(LoginPage.java:35)
at com.dru.qa.registration.pages.LoginPage.<init>(LoginPage.java:35)
at com.dru.qa.registration.pages.LoginPage.<init>(LoginPage.java:35)
at com.dru.qa.registration.pages.LoginPage.<init>(LoginPage.java:35)
at com.dru.qa.registration.pages.LoginPage.<init>(LoginPage.java:35)
at com.dru.qa.registration.pages.LoginPage.<init>(LoginPage.java:35)
at com.dru.qa.registration.pages.LoginPage.<init>(LoginPage.java:35)
at com.dru.qa.registration.pages.LoginPage.<init>(LoginPage.java:35)
at com.dru.qa.registration.pages.LoginPage.<init>(LoginPage.java:35)
at com.dru.qa.registration.pages.LoginPage.<init>(LoginPage.java:35)
at com.dru.qa.registration.pages.LoginPage.<init>(LoginPage.java:35)
at com.dru.qa.registration.pages.LoginPage.<init>(LoginPage.java:35)
at com.dru.qa.registration.pages.LoginPage.<init>(LoginPage.java:35)
at com.dru.qa.registration.pages.LoginPage.<init>(LoginPage.java:35)
at com.dru.qa.registration.pages.LoginPage.<init>(LoginPage.java:35)
at com.dru.qa.registration.pages.LoginPage.<init>(LoginPage.java:35)
at com.dru.qa.registration.pages.LoginPage.<init>(LoginPage.java:35)
at com.dru.qa.registration.pages.LoginPage.<init>(LoginPage.java:35)
at com.dru.qa.registration.pages.LoginPage.<init>(LoginPage.java:35)
at com.dru.qa.registration.pages.LoginPage.<init>(LoginPage.java:35)
at com.dru.qa.registration.pages.LoginPage.<init>(LoginPage.java:35)
at com.dru.qa.registration.pages.LoginPage.<init>(LoginPage.java:35)
at com.dru.qa.registration.pages.LoginPage.<init>(LoginPage.java:35)
at com.dru.qa.registration.pages.LoginPage.<init>(LoginPage.java:35)
at com.dru.qa.registration.pages.LoginPage.<init>(LoginPage.java:35)
at com.dru.qa.registration.pages.LoginPage.<init>(LoginPage.java:35)
at com.dru.qa.registration.pages.LoginPage.<init>(LoginPage.java:35)
at com.dru.qa.registration.pages.LoginPage.<init>(LoginPage.java:35)
at com.dru.qa.registration.pages.LoginPage.<init>(LoginPage.java:35)
at com.dru.qa.registration.pages.LoginPage.<init>(LoginPage.java:35)
at com.dru.qa.registration.pages.LoginPage.<init>(LoginPage.java:35)
at com.dru.qa.registration.pages.LoginPage.<init>(LoginPage.java:35)
at com.dru.qa.registration.pages.LoginPage.<init>(LoginPage.java:35)
at com.dru.qa.registration.pages.LoginPage.<init>(LoginPage.java:35)
at com.dru.qa.registration.pages.LoginPage.<init>(LoginPage.java:35)
at com.dru.qa.registration.pages.LoginPage.<init>(LoginPage.java:35)
at com.dru.qa.registration.pages.LoginPage.<init>(LoginPage.java:35)
at com.dru.qa.registration.pages.LoginPage.<init>(LoginPage.java:35)
at com.dru.qa.registration.pages.LoginPage.<init>(LoginPage.java:35)
at com.dru.qa.registration.pages.LoginPage.<init>(LoginPage.java:35)
at com.dru.qa.registration.pages.LoginPage.<init>(LoginPage.java:35)
at com.dru.qa.registration.pages.LoginPage.<init>(LoginPage.java:35)
at com.dru.qa.registration.pages.LoginPage.<init>(LoginPage.java:35)
at com.dru.qa.registration.pages.LoginPage.<init>(LoginPage.java:35)
at com.dru.qa.registration.pages.LoginPage.<init>(LoginPage.java:35)
at com.dru.qa.registration.pages.LoginPage.<init>(LoginPage.java:35)
at com.dru.qa.registration.pages.LoginPage.<init>(LoginPage.java:35)
at com.dru.qa.registration.pages.LoginPage.<init>(LoginPage.java:35)
at com.dru.qa.registration.pages.LoginPage.<init>(LoginPage.java:35)
at com.dru.qa.registration.pages.LoginPage.<init>(LoginPage.java:35)
at com.dru.qa.registration.pages.LoginPage.<init>(LoginPage.java:35)
at com.dru.qa.registration.pages.LoginPage.<init>(LoginPage.java:35)
at com.dru.qa.registration.pages.LoginPage.<init>(LoginPage.java:35)
at com.dru.qa.registration.pages.LoginPage.<init>(LoginPage.java:35)
at com.dru.qa.registration.pages.LoginPage.<init>(LoginPage.java:35)
at com.dru.qa.registration.pages.LoginPage.<init>(LoginPage.java:35)
at com.dru.qa.registration.pages.LoginPage.<init>(LoginPage.java:35)
at com.dru.qa.registration.pages.LoginPage.<init>(LoginPage.java:35)
at com.dru.qa.registration.pages.LoginPage.<init>(LoginPage.java:35)
at com.dru.qa.registration.pages.LoginPage.<init>(LoginPage.java:35)
at com.dru.qa.registration.pages.LoginPage.<init>(LoginPage.java:35)
at com.dru.qa.registration.pages.LoginPage.<init>(LoginPage.java:35)
at com.dru.qa.registration.pages.LoginPage.<init>(LoginPage.java:35)
at com.dru.qa.registration.pages.LoginPage.<init>(LoginPage.java:35)
at com.dru.qa.registration.pages.LoginPage.<init>(LoginPage.java:35)
at com.dru.qa.registration.pages.LoginPage.<init>(LoginPage.java:35)
at com.dru.qa.registration.pages.LoginPage.<init>(LoginPage.java:35)
at com.dru.qa.registration.pages.LoginPage.<init>(LoginPage.java:35)
at com.dru.qa.registration.pages.LoginPage.<init>(LoginPage.java:35)
at com.dru.qa.registration.pages.LoginPage.<init>(LoginPage.java:35)
at com.dru.qa.registration.pages.LoginPage.<init>(LoginPage.java:35)
at com.dru.qa.registration.pages.LoginPage.<init>(LoginPage.java:35)
at com.dru.qa.registration.pages.LoginPage.<init>(LoginPage.java:35)
at com.dru.qa.registration.pages.LoginPage.<init>(LoginPage.java:35)
at com.dru.qa.registration.pages.LoginPage.<init>(LoginPage.java:35)
at com.dru.qa.registration.pages.LoginPage.<init>(LoginPage.java:35)
at com.dru.qa.registration.pages.LoginPage.<init>(LoginPage.java:35)
at com.dru.qa.registration.pages.LoginPage.<init>(LoginPage.java:35)
at com.dru.qa.registration.pages.LoginPage.<init>(LoginPage.java:35)
at com.dru.qa.registration.pages.LoginPage.<init>(LoginPage.java:35)
at com.dru.qa.registration.pages.LoginPage.<init>(LoginPage.java:35)
at com.dru.qa.registration.pages.LoginPage.<init>(LoginPage.java:35)
at com.dru.qa.registration.pages.LoginPage.<init>(LoginPage.java:35)
at com.dru.qa.registration.pages.LoginPage.<init>(LoginPage.java:35)
at com.dru.qa.registration.pages.LoginPage.<init>(LoginPage.java:35)
at com.dru.qa.registration.pages.LoginPage.<init>(LoginPage.java:35)
at com.dru.qa.registration.pages.LoginPage.<init>(LoginPage.java:35)
at com.dru.qa.registration.pages.LoginPage.<init>(LoginPage.java:35)
at com.dru.qa.registration.pages.LoginPage.<init>(LoginPage.java:35)
at com.dru.qa.registration.pages.LoginPage.<init>(LoginPage.java:35)
at com.dru.qa.registration.pages.LoginPage.<init>(LoginPage.java:35)
at com.dru.qa.registration.pages.LoginPage.<init>(LoginPage.java:35)
at com.dru.qa.registration.pages.LoginPage.<init>(LoginPage.java:35)
at com.dru.qa.registration.pages.LoginPage.<init>(LoginPage.java:35)
at com.dru.qa.registration.pages.LoginPage.<init>(LoginPage.java:35)
at com.dru.qa.registration.pages.LoginPage.<init>(LoginPage.java:35)
at com.dru.qa.registration.pages.LoginPage.<init>(LoginPage.java:35)
at com.dru.qa.registration.pages.LoginPage.<init>(LoginPage.java:35)
at com.dru.qa.registration.pages.LoginPage.<init>(LoginPage.java:35)
at com.dru.qa.registration.pages.LoginPage.<init>(LoginPage.java:35)
at com.dru.qa.registration.pages.LoginPage.<init>(LoginPage.java:35)
at com.dru.qa.registration.pages.LoginPage.<init>(LoginPage.java:35)
at com.dru.qa.registration.pages.LoginPage.<init>(LoginPage.java:35)
at com.dru.qa.registration.pages.LoginPage.<init>(LoginPage.java:35)
at com.dru.qa.registration.pages.LoginPage.<init>(LoginPage.java:35)
at com.dru.qa.registration.pages.LoginPage.<init>(LoginPage.java:35)
at com.dru.qa.registration.pages.LoginPage.<init>(LoginPage.java:35)
at com.dru.qa.registration.pages.LoginPage.<init>(LoginPage.java:35)
at com.dru.qa.registration.pages.LoginPage.<init>(LoginPage.java:35)
at com.dru.qa.registration.pages.LoginPage.<init>(LoginPage.java:35)
at com.dru.qa.registration.pages.LoginPage.<init>(LoginPage.java:35)
at com.dru.qa.registration.pages.LoginPage.<init>(LoginPage.java:35)
at com.dru.qa.registration.pages.LoginPage.<init>(LoginPage.java:35)
at com.dru.qa.registration.pages.LoginPage.<init>(LoginPage.java:35)
at com.dru.qa.registration.pages.LoginPage.<init>(LoginPage.java:35)
at com.dru.qa.registration.pages.LoginPage.<init>(LoginPage.java:35)
at com.dru.qa.registration.pages.LoginPage.<init>(LoginPage.java:35)
at com.dru.qa.registration.pages.LoginPage.<init>(LoginPage.java:35)
at com.dru.qa.registration.pages.LoginPage.<init>(LoginPage.java:35)
at com.dru.qa.registration.pages.LoginPage.<init>(LoginPage.java:35)
at com.dru.qa.registration.pages.LoginPage.<init>(LoginPage.java:35)
at com.dru.qa.registration.pages.LoginPage.<init>(LoginPage.java:35)
at com.dru.qa.registration.pages.LoginPage.<init>(LoginPage.java:35)
at com.dru.qa.registration.pages.LoginPage.<init>(LoginPage.java:35)
at com.dru.qa.registration.pages.LoginPage.<init>(LoginPage.java:35)
at com.dru.qa.registration.pages.LoginPage.<init>(LoginPage.java:35)
at com.dru.qa.registration.pages.LoginPage.<init>(LoginPage.java:35)
at com.dru.qa.registration.pages.LoginPage.<init>(LoginPage.java:35)
at com.dru.qa.registration.pages.LoginPage.<init>(LoginPage.java:35)
at com.dru.qa.registration.pages.LoginPage.<init>(LoginPage.java:35)
at com.dru.qa.registration.pages.LoginPage.<init>(LoginPage.java:35)
at com.dru.qa.registration.pages.LoginPage.<init>(LoginPage.java:35)
at com.dru.qa.registration.pages.LoginPage.<init>(LoginPage.java:35)
at com.dru.qa.registration.pages.LoginPage.<init>(LoginPage.java:35)
at com.dru.qa.registration.pages.LoginPage.<init>(LoginPage.java:35)
at com.dru.qa.registration.pages.LoginPage.<init>(LoginPage.java:35)
at com.dru.qa.registration.pages.LoginPage.<init>(LoginPage.java:35)
at com.dru.qa.registration.pages.LoginPage.<init>(LoginPage.java:35)
at com.dru.qa.registration.pages.LoginPage.<init>(LoginPage.java:35)
at com.dru.qa.registration.pages.LoginPage.<init>(LoginPage.java:35)
at com.dru.qa.registration.pages.LoginPage.<init>(LoginPage.java:35)
at com.dru.qa.registration.pages.LoginPage.<init>(LoginPage.java:35)
at com.dru.qa.registration.pages.LoginPage.<init>(LoginPage.java:35)
at com.dru.qa.registration.pages.LoginPage.<init>(LoginPage.java:35)
at com.dru.qa.registration.pages.LoginPage.<init>(LoginPage.java:35)
at com.dru.qa.registration.pages.LoginPage.<init>(LoginPage.java:35)
at com.dru.qa.registration.pages.LoginPage.<init>(LoginPage.java:35)
at com.dru.qa.registration.pages.LoginPage.<init>(LoginPage.java:35)
at com.dru.qa.registration.pages.LoginPage.<init>(LoginPage.java:35)
at com.dru.qa.registration.pages.LoginPage.<init>(LoginPage.java:35)
at com.dru.qa.registration.pages.LoginPage.<init>(LoginPage.java:35)
at com.dru.qa.registration.pages.LoginPage.<init>(LoginPage.java:35)
at com.dru.qa.registration.pages.LoginPage.<init>(LoginPage.java:35)
at com.dru.qa.registration.pages.LoginPage.<init>(LoginPage.java:35)
at com.dru.qa.registration.pages.LoginPage.<init>(LoginPage.java:35)
at com.dru.qa.registration.pages.LoginPage.<init>(LoginPage.java:35)
at com.dru.qa.registration.pages.LoginPage.<init>(LoginPage.java:35)
at com.dru.qa.registration.pages.LoginPage.<init>(LoginPage.java:35)
at com.dru.qa.registration.pages.LoginPage.<init>(LoginPage.java:35)
at com.dru.qa.registration.pages.LoginPage.<init>(LoginPage.java:35)
at com.dru.qa.registration.pages.LoginPage.<init>(LoginPage.java:35)
at com.dru.qa.registration.pages.LoginPage.<init>(LoginPage.java:35)
at com.dru.qa.registration.pages.LoginPage.<init>(LoginPage.java:35)
at com.dru.qa.registration.pages.LoginPage.<init>(LoginPage.java:35)
at com.dru.qa.registration.pages.LoginPage.<init>(LoginPage.java:35)
at com.dru.qa.registration.pages.LoginPage.<init>(LoginPage.java:35)
at com.dru.qa.registration.pages.LoginPage.<init>(LoginPage.java:35)
at com.dru.qa.registration.pages.LoginPage.<init>(LoginPage.java:35)
at com.dru.qa.registration.pages.LoginPage.<init>(LoginPage.java:35)
at com.dru.qa.registration.pages.LoginPage.<init>(LoginPage.java:35)
at com.dru.qa.registration.pages.LoginPage.<init>(LoginPage.java:35)
at com.dru.qa.registration.pages.LoginPage.<init>(LoginPage.java:35)
at com.dru.qa.registration.pages.LoginPage.<init>(LoginPage.java:35)
at com.dru.qa.registration.pages.LoginPage.<init>(LoginPage.java:35)
at com.dru.qa.registration.pages.LoginPage.<init>(LoginPage.java:35)
at com.dru.qa.registration.pages.LoginPage.<init>(LoginPage.java:35)
at com.dru.qa.registration.pages.LoginPage.<init>(LoginPage.java:35)
at com.dru.qa.registration.pages.LoginPage.<init>(LoginPage.java:35)
at com.dru.qa.registration.pages.LoginPage.<init>(LoginPage.java:35)
at com.dru.qa.registration.pages.LoginPage.<init>(LoginPage.java:35)
at com.dru.qa.registration.pages.LoginPage.<init>(LoginPage.java:35)
at com.dru.qa.registration.pages.LoginPage.<init>(LoginPage.java:35)
at com.dru.qa.registration.pages.LoginPage.<init>(LoginPage.java:35)
at com.dru.qa.registration.pages.LoginPage.<init>(LoginPage.java:35)
at com.dru.qa.registration.pages.LoginPage.<init>(LoginPage.java:35)
at com.dru.qa.registration.pages.LoginPage.<init>(LoginPage.java:35)
at com.dru.qa.registration.pages.LoginPage.<init>(LoginPage.java:35)
at com.dru.qa.registration.pages.LoginPage.<init>(LoginPage.java:35)
at com.dru.qa.registration.pages.LoginPage.<init>(LoginPage.java:35)
at com.dru.qa.registration.pages.LoginPage.<init>(LoginPage.java:35)
at com.dru.qa.registration.pages.LoginPage.<init>(LoginPage.java:35)
at com.dru.qa.registration.pages.LoginPage.<init>(LoginPage.java:35)
at com.dru.qa.registration.pages.LoginPage.<init>(LoginPage.java:35)
at com.dru.qa.registration.pages.LoginPage.<init>(LoginPage.java:35)
at com.dru.qa.registration.pages.LoginPage.<init>(LoginPage.java:35)
at com.dru.qa.registration.pages.LoginPage.<init>(LoginPage.java:35)
at com.dru.qa.registration.pages.LoginPage.<init>(LoginPage.java:35)
at com.dru.qa.registration.pages.LoginPage.<init>(LoginPage.java:35)
at com.dru.qa.registration.pages.LoginPage.<init>(LoginPage.java:35)
at com.dru.qa.registration.pages.LoginPage.<init>(LoginPage.java:35)
at com.dru.qa.registration.pages.LoginPage.<init>(LoginPage.java:35)
at com.dru.qa.registration.pages.LoginPage.<init>(LoginPage.java:35)
at com.dru.qa.registration.pages.LoginPage.<init>(LoginPage.java:35)
at com.dru.qa.registration.pages.LoginPage.<init>(LoginPage.java:35)
at com.dru.qa.registration.pages.LoginPage.<init>(LoginPage.java:35)
at com.dru.qa.registration.pages.LoginPage.<init>(LoginPage.java:35)
at com.dru.qa.registration.pages.LoginPage.<init>(LoginPage.java:35)
at com.dru.qa.registration.pages.LoginPage.<init>(LoginPage.java:35)
at com.dru.qa.registration.pages.LoginPage.<init>(LoginPage.java:35)
at com.dru.qa.registration.pages.LoginPage.<init>(LoginPage.java:35)
at com.dru.qa.registration.pages.LoginPage.<init>(LoginPage.java:35)
at com.dru.qa.registration.pages.LoginPage.<init>(LoginPage.java:35)
at com.dru.qa.registration.pages.LoginPage.<init>(LoginPage.java:35)
at com.dru.qa.registration.pages.LoginPage.<init>(LoginPage.java:35)
at com.dru.qa.registration.pages.LoginPage.<init>(LoginPage.java:35)
at com.dru.qa.registration.pages.LoginPage.<init>(LoginPage.java:35)
at com.dru.qa.registration.pages.LoginPage.<init>(LoginPage.java:35)
at com.dru.qa.registration.pages.LoginPage.<init>(LoginPage.java:35)
at com.dru.qa.registration.pages.LoginPage.<init>(LoginPage.java:35)
at com.dru.qa.registration.pages.LoginPage.<init>(LoginPage.java:35)
at com.dru.qa.registration.pages.LoginPage.<init>(LoginPage.java:35)
at com.dru.qa.registration.pages.LoginPage.<init>(LoginPage.java:35)
at com.dru.qa.registration.pages.LoginPage.<init>(LoginPage.java:35)
at com.dru.qa.registration.pages.LoginPage.<init>(LoginPage.java:35)
at com.dru.qa.registration.pages.LoginPage.<init>(LoginPage.java:35)
at com.dru.qa.registration.pages.LoginPage.<init>(LoginPage.java:35)
at com.dru.qa.registration.pages.LoginPage.<init>(LoginPage.java:35)
at com.dru.qa.registration.pages.LoginPage.<init>(LoginPage.java:35)
at com.dru.qa.registration.pages.LoginPage.<init>(LoginPage.java:35)
at com.dru.qa.registration.pages.LoginPage.<init>(LoginPage.java:35)
at com.dru.qa.registration.pages.LoginPage.<init>(LoginPage.java:35)
at com.dru.qa.registration.pages.LoginPage.<init>(LoginPage.java:35)
at com.dru.qa.registration.pages.LoginPage.<init>(LoginPage.java:35)
at com.dru.qa.registration.pages.LoginPage.<init>(LoginPage.java:35)
at com.dru.qa.registration.pages.LoginPage.<init>(LoginPage.java:35)
at com.dru.qa.registration.pages.LoginPage.<init>(LoginPage.java:35)
at com.dru.qa.registration.pages.LoginPage.<init>(LoginPage.java:35)
at com.dru.qa.registration.pages.LoginPage.<init>(LoginPage.java:35)
at com.dru.qa.registration.pages.LoginPage.<init>(LoginPage.java:35)
at com.dru.qa.registration.pages.LoginPage.<init>(LoginPage.java:35)
at com.dru.qa.registration.pages.LoginPage.<init>(LoginPage.java:35)
at com.dru.qa.registration.pages.LoginPage.<init>(LoginPage.java:35)
at com.dru.qa.registration.pages.LoginPage.<init>(LoginPage.java:35)
at com.dru.qa.registration.pages.LoginPage.<init>(LoginPage.java:35)
at com.dru.qa.registration.pages.LoginPage.<init>(LoginPage.java:35)
at com.dru.qa.registration.pages.LoginPage.<init>(LoginPage.java:35)
at com.dru.qa.registration.pages.LoginPage.<init>(LoginPage.java:35)
at com.dru.qa.registration.pages.LoginPage.<init>(LoginPage.java:35)
at com.dru.qa.registration.pages.LoginPage.<init>(LoginPage.java:35)
at com.dru.qa.registration.pages.LoginPage.<init>(LoginPage.java:35)
at com.dru.qa.registration.pages.LoginPage.<init>(LoginPage.java:35)
at com.dru.qa.registration.pages.LoginPage.<init>(LoginPage.java:35)
at com.dru.qa.registration.pages.LoginPage.<init>(LoginPage.java:35)
at com.dru.qa.registration.pages.LoginPage.<init>(LoginPage.java:35)
at com.dru.qa.registration.pages.LoginPage.<init>(LoginPage.java:35)
at com.dru.qa.registration.pages.LoginPage.<init>(LoginPage.java:35)
at com.dru.qa.registration.pages.LoginPage.<init>(LoginPage.java:35)
at com.dru.qa.registration.pages.LoginPage.<init>(LoginPage.java:35)
at com.dru.qa.registration.pages.LoginPage.<init>(LoginPage.java:35)
at com.dru.qa.registration.pages.LoginPage.<init>(LoginPage.java:35)
at com.dru.qa.registration.pages.LoginPage.<init>(LoginPage.java:35)
at com.dru.qa.registration.pages.LoginPage.<init>(LoginPage.java:35)
at com.dru.qa.registration.pages.LoginPage.<init>(LoginPage.java:35)
at com.dru.qa.registration.pages.LoginPage.<init>(LoginPage.java:35)
at com.dru.qa.registration.pages.LoginPage.<init>(LoginPage.java:35)
at com.dru.qa.registration.pages.LoginPage.<init>(LoginPage.java:35)
at com.dru.qa.registration.pages.LoginPage.<init>(LoginPage.java:35)
at com.dru.qa.registration.pages.LoginPage.<init>(LoginPage.java:35)
at com.dru.qa.registration.pages.LoginPage.<init>(LoginPage.java:35)
at com.dru.qa.registration.pages.LoginPage.<init>(LoginPage.java:35)
at com.dru.qa.registration.pages.LoginPage.<init>(LoginPage.java:35)
at com.dru.qa.registration.pages.LoginPage.<init>(LoginPage.java:35)
at com.dru.qa.registration.pages.LoginPage.<init>(LoginPage.java:35)
at com.dru.qa.registration.pages.LoginPage.<init>(LoginPage.java:35)
at com.dru.qa.registration.pages.LoginPage.<init>(LoginPage.java:35)
at com.dru.qa.registration.pages.LoginPage.<init>(LoginPage.java:35)
at com.dru.qa.registration.pages.LoginPage.<init>(LoginPage.java:35)
at com.dru.qa.registration.pages.LoginPage.<init>(LoginPage.java:35)
at com.dru.qa.registration.pages.LoginPage.<init>(LoginPage.java:35)
at com.dru.qa.registration.pages.LoginPage.<init>(LoginPage.java:35)
at com.dru.qa.registration.pages.LoginPage.<init>(LoginPage.java:35)
at com.dru.qa.registration.pages.LoginPage.<init>(LoginPage.java:35)
at com.dru.qa.registration.pages.LoginPage.<init>(LoginPage.java:35)
at com.dru.qa.registration.pages.LoginPage.<init>(LoginPage.java:35)
at com.dru.qa.registration.pages.LoginPage.<init>(LoginPage.java:35)
at com.dru.qa.registration.pages.LoginPage.<init>(LoginPage.java:35)
at com.dru.qa.registration.pages.LoginPage.<init>(LoginPage.java:35)
at com.dru.qa.registration.pages.LoginPage.<init>(LoginPage.java:35)
at com.dru.qa.registration.pages.LoginPage.<init>(LoginPage.java:35)
at com.dru.qa.registration.pages.LoginPage.<init>(LoginPage.java:35)
at com.dru.qa.registration.pages.LoginPage.<init>(LoginPage.java:35)
at com.dru.qa.registration.pages.LoginPage.<init>(LoginPage.java:35)
at com.dru.qa.registration.pages.LoginPage.<init>(LoginPage.java:35)
at com.dru.qa.registration.pages.LoginPage.<init>(LoginPage.java:35)
at com.dru.qa.registration.pages.LoginPage.<init>(LoginPage.java:35)
at com.dru.qa.registration.pages.LoginPage.<init>(LoginPage.java:35)
at com.dru.qa.registration.pages.LoginPage.<init>(LoginPage.java:35)
at com.dru.qa.registration.pages.LoginPage.<init>(LoginPage.java:35)
at com.dru.qa.registration.pages.LoginPage.<init>(LoginPage.java:35)
at com.dru.qa.registration.pages.LoginPage.<init>(LoginPage.java:35)
at com.dru.qa.registration.pages.LoginPage.<init>(LoginPage.java:35)
at com.dru.qa.registration.pages.LoginPage.<init>(LoginPage.java:35)
at com.dru.qa.registration.pages.LoginPage.<init>(LoginPage.java:35)
at com.dru.qa.registration.pages.LoginPage.<init>(LoginPage.java:35)
at com.dru.qa.registration.pages.LoginPage.<init>(LoginPage.java:35)
at com.dru.qa.registration.pages.LoginPage.<init>(LoginPage.java:35)
at com.dru.qa.registration.pages.LoginPage.<init>(LoginPage.java:35)
at com.dru.qa.registration.pages.LoginPage.<init>(LoginPage.java:35)
at com.dru.qa.registration.pages.LoginPage.<init>(LoginPage.java:35)
at com.dru.qa.registration.pages.LoginPage.<init>(LoginPage.java:35)
at com.dru.qa.registration.pages.LoginPage.<init>(LoginPage.java:35)
at com.dru.qa.registration.pages.LoginPage.<init>(LoginPage.java:35)
at com.dru.qa.registration.pages.LoginPage.<init>(LoginPage.java:35)
at com.dru.qa.registration.pages.LoginPage.<init>(LoginPage.java:35)
at com.dru.qa.registration.pages.LoginPage.<init>(LoginPage.java:35)
at com.dru.qa.registration.pages.LoginPage.<init>(LoginPage.java:35)
at com.dru.qa.registration.pages.LoginPage.<init>(LoginPage.java:35)
at com.dru.qa.registration.pages.LoginPage.<init>(LoginPage.java:35)
at com.dru.qa.registration.pages.LoginPage.<init>(LoginPage.java:35)
at com.dru.qa.registration.pages.LoginPage.<init>(LoginPage.java:35)
at com.dru.qa.registration.pages.LoginPage.<init>(LoginPage.java:35)
at com.dru.qa.registration.pages.LoginPage.<init>(LoginPage.java:35)
at com.dru.qa.registration.pages.LoginPage.<init>(LoginPage.java:35)
at com.dru.qa.registration.pages.LoginPage.<init>(LoginPage.java:35)
at com.dru.qa.registration.pages.LoginPage.<init>(LoginPage.java:35)
at com.dru.qa.registration.pages.LoginPage.<init>(LoginPage.java:35)
at com.dru.qa.registration.pages.LoginPage.<init>(LoginPage.java:35)
at com.dru.qa.registration.pages.LoginPage.<init>(LoginPage.java:35)
at com.dru.qa.registration.pages.LoginPage.<init>(LoginPage.java:35)
at com.dru.qa.registration.pages.LoginPage.<init>(LoginPage.java:35)
at com.dru.qa.registration.pages.LoginPage.<init>(LoginPage.java:35)
at com.dru.qa.registration.pages.LoginPage.<init>(LoginPage.java:35)
at com.dru.qa.registration.pages.LoginPage.<init>(LoginPage.java:35)
at com.dru.qa.registration.pages.LoginPage.<init>(LoginPage.java:35)
at com.dru.qa.registration.pages.LoginPage.<init>(LoginPage.java:35)
at com.dru.qa.registration.pages.LoginPage.<init>(LoginPage.java:35)
at com.dru.qa.registration.pages.LoginPage.<init>(LoginPage.java:35)
at com.dru.qa.registration.pages.LoginPage.<init>(LoginPage.java:35)
at com.dru.qa.registration.pages.LoginPage.<init>(LoginPage.java:35)
at com.dru.qa.registration.pages.LoginPage.<init>(LoginPage.java:35)
at com.dru.qa.registration.pages.LoginPage.<init>(LoginPage.java:35)
at com.dru.qa.registration.pages.LoginPage.<init>(LoginPage.java:35)
at com.dru.qa.registration.pages.LoginPage.<init>(LoginPage.java:35)
at com.dru.qa.registration.pages.LoginPage.<init>(LoginPage.java:35)
at com.dru.qa.registration.pages.LoginPage.<init>(LoginPage.java:35)
at com.dru.qa.registration.pages.LoginPage.<init>(LoginPage.java:35)
at com.dru.qa.registration.pages.LoginPage.<init>(LoginPage.java:35)
at com.dru.qa.registration.pages.LoginPage.<init>(LoginPage.java:35)
at com.dru.qa.registration.pages.LoginPage.<init>(LoginPage.java:35)
at com.dru.qa.registration.pages.LoginPage.<init>(LoginPage.java:35)
at com.dru.qa.registration.pages.LoginPage.<init>(LoginPage.java:35)
at com.dru.qa.registration.pages.LoginPage.<init>(LoginPage.java:35)
at com.dru.qa.registration.pages.LoginPage.<init>(LoginPage.java:35)
at com.dru.qa.registration.pages.LoginPage.<init>(LoginPage.java:35)
at com.dru.qa.registration.pages.LoginPage.<init>(LoginPage.java:35)
at com.dru.qa.registration.pages.LoginPage.<init>(LoginPage.java:35)
at com.dru.qa.registration.pages.LoginPage.<init>(LoginPage.java:35)
at com.dru.qa.registration.pages.LoginPage.<init>(LoginPage.java:35)
at com.dru.qa.registration.pages.LoginPage.<init>(LoginPage.java:35)
at com.dru.qa.registration.pages.LoginPage.<init>(LoginPage.java:35)
at com.dru.qa.registration.pages.LoginPage.<init>(LoginPage.java:35)
at com.dru.qa.registration.pages.LoginPage.<init>(LoginPage.java:35)
at com.dru.qa.registration.pages.LoginPage.<init>(LoginPage.java:35)
at com.dru.qa.registration.pages.LoginPage.<init>(LoginPage.java:35)
at com.dru.qa.registration.pages.LoginPage.<init>(LoginPage.java:35)
at com.dru.qa.registration.pages.LoginPage.<init>(LoginPage.java:35)
at com.dru.qa.registration.pages.LoginPage.<init>(LoginPage.java:35)
at com.dru.qa.registration.pages.LoginPage.<init>(LoginPage.java:35)
at com.dru.qa.registration.pages.LoginPage.<init>(LoginPage.java:35)
at com.dru.qa.registration.pages.LoginPage.<init>(LoginPage.java:35)
at com.dru.qa.registration.pages.LoginPage.<init>(LoginPage.java:35)
at com.dru.qa.registration.pages.LoginPage.<init>(LoginPage.java:35)
at com.dru.qa.registration.pages.LoginPage.<init>(LoginPage.java:35)
at com.dru.qa.registration.pages.LoginPage.<init>(LoginPage.java:35)
at com.dru.qa.registration.pages.LoginPage.<init>(LoginPage.java:35)
at com.dru.qa.registration.pages.LoginPage.<init>(LoginPage.java:35)
at com.dru.qa.registration.pages.LoginPage.<init>(LoginPage.java:35)
at com.dru.qa.registration.pages.LoginPage.<init>(LoginPage.java:35)
at com.dru.qa.registration.pages.LoginPage.<init>(LoginPage.java:35)
at com.dru.qa.registration.pages.LoginPage.<init>(LoginPage.java:35)
at com.dru.qa.registration.pages.LoginPage.<init>(LoginPage.java:35)
at com.dru.qa.registration.pages.LoginPage.<init>(LoginPage.java:35)
at com.dru.qa.registration.pages.LoginPage.<init>(LoginPage.java:35)
at com.dru.qa.registration.pages.LoginPage.<init>(LoginPage.java:35)
at com.dru.qa.registration.pages.LoginPage.<init>(LoginPage.java:35)
at com.dru.qa.registration.pages.LoginPage.<init>(LoginPage.java:35)
at com.dru.qa.registration.pages.LoginPage.<init>(LoginPage.java:35)
at com.dru.qa.registration.pages.LoginPage.<init>(LoginPage.java:35)
at com.dru.qa.registration.pages.LoginPage.<init>(LoginPage.java:35)
at com.dru.qa.registration.pages.LoginPage.<init>(LoginPage.java:35)
at com.dru.qa.registration.pages.LoginPage.<init>(LoginPage.java:35)
at com.dru.qa.registration.pages.LoginPage.<init>(LoginPage.java:35)
at com.dru.qa.registration.pages.LoginPage.<init>(LoginPage.java:35)
at com.dru.qa.registration.pages.LoginPage.<init>(LoginPage.java:35)
at com.dru.qa.registration.pages.LoginPage.<init>(LoginPage.java:35)
at com.dru.qa.registration.pages.LoginPage.<init>(LoginPage.java:35)
at com.dru.qa.registration.pages.LoginPage.<init>(LoginPage.java:35)
at com.dru.qa.registration.pages.LoginPage.<init>(LoginPage.java:35)
at com.dru.qa.registration.pages.LoginPage.<init>(LoginPage.java:35)
at com.dru.qa.registration.pages.LoginPage.<init>(LoginPage.java:35)
at com.dru.qa.registration.pages.LoginPage.<init>(LoginPage.java:35)
at com.dru.qa.registration.pages.LoginPage.<init>(LoginPage.java:35)
at com.dru.qa.registration.pages.LoginPage.<init>(LoginPage.java:35)
at com.dru.qa.registration.pages.LoginPage.<init>(LoginPage.java:35)
at com.dru.qa.registration.pages.LoginPage.<init>(LoginPage.java:35)
at com.dru.qa.registration.pages.LoginPage.<init>(LoginPage.java:35)
at com.dru.qa.registration.pages.LoginPage.<init>(LoginPage.java:35)
at com.dru.qa.registration.pages.LoginPage.<init>(LoginPage.java:35)
at com.dru.qa.registration.pages.LoginPage.<init>(LoginPage.java:35)
at com.dru.qa.registration.pages.LoginPage.<init>(LoginPage.java:35)
at com.dru.qa.registration.pages.LoginPage.<init>(LoginPage.java:35)
at com.dru.qa.registration.pages.LoginPage.<init>(LoginPage.java:35)
at com.dru.qa.registration.pages.LoginPage.<init>(LoginPage.java:35)
at com.dru.qa.registration.pages.LoginPage.<init>(LoginPage.java:35)
at com.dru.qa.registration.pages.LoginPage.<init>(LoginPage.java:35)
at com.dru.qa.registration.pages.LoginPage.<init>(LoginPage.java:35)
at com.dru.qa.registration.pages.LoginPage.<init>(LoginPage.java:35)
at com.dru.qa.registration.pages.LoginPage.<init>(LoginPage.java:35)
at com.dru.qa.registration.pages.LoginPage.<init>(LoginPage.java:35)
at com.dru.qa.registration.pages.LoginPage.<init>(LoginPage.java:35)
at com.dru.qa.registration.pages.LoginPage.<init>(LoginPage.java:35)
at com.dru.qa.registration.pages.LoginPage.<init>(LoginPage.java:35)
at com.dru.qa.registration.pages.LoginPage.<init>(LoginPage.java:35)
at com.dru.qa.registration.pages.LoginPage.<init>(LoginPage.java:35)
at com.dru.qa.registration.pages.LoginPage.<init>(LoginPage.java:35)
at com.dru.qa.registration.pages.LoginPage.<init>(LoginPage.java:35)
at com.dru.qa.registration.pages.LoginPage.<init>(LoginPage.java:35)
at com.dru.qa.registration.pages.LoginPage.<init>(LoginPage.java:35)
at com.dru.qa.registration.pages.LoginPage.<init>(LoginPage.java:35)
at com.dru.qa.registration.pages.LoginPage.<init>(LoginPage.java:35)
at com.dru.qa.registration.pages.LoginPage.<init>(LoginPage.java:35)
at com.dru.qa.registration.pages.LoginPage.<init>(LoginPage.java:35)
at com.dru.qa.registration.pages.LoginPage.<init>(LoginPage.java:35)
at com.dru.qa.registration.pages.LoginPage.<init>(LoginPage.java:35)
at com.dru.qa.registration.pages.LoginPage.<init>(LoginPage.java:35)
at com.dru.qa.registration.pages.LoginPage.<init>(LoginPage.java:35)
at com.dru.qa.registration.pages.LoginPage.<init>(LoginPage.java:35)
at com.dru.qa.registration.pages.LoginPage.<init>(LoginPage.java:35)
at com.dru.qa.registration.pages.LoginPage.<init>(LoginPage.java:35)
at com.dru.qa.registration.pages.LoginPage.<init>(LoginPage.java:35)
at com.dru.qa.registration.pages.LoginPage.<init>(LoginPage.java:35)
at com.dru.qa.registration.pages.LoginPage.<init>(LoginPage.java:35)
at com.dru.qa.registration.pages.LoginPage.<init>(LoginPage.java:35)
at com.dru.qa.registration.pages.LoginPage.<init>(LoginPage.java:35)
at com.dru.qa.registration.pages.LoginPage.<init>(LoginPage.java:35)
at com.dru.qa.registration.pages.LoginPage.<init>(LoginPage.java:35)
at com.dru.qa.registration.pages.LoginPage.<init>(LoginPage.java:35)
at com.dru.qa.registration.pages.LoginPage.<init>(LoginPage.java:35)
at com.dru.qa.registration.pages.LoginPage.<init>(LoginPage.java:35)
at com.dru.qa.registration.pages.LoginPage.<init>(LoginPage.java:35)
at com.dru.qa.registration.pages.LoginPage.<init>(LoginPage.java:35)
at com.dru.qa.registration.pages.LoginPage.<init>(LoginPage.java:35)
at com.dru.qa.registration.pages.LoginPage.<init>(LoginPage.java:35)
at com.dru.qa.registration.pages.LoginPage.<init>(LoginPage.java:35)
at com.dru.qa.registration.pages.LoginPage.<init>(LoginPage.java:35)
at com.dru.qa.registration.pages.LoginPage.<init>(LoginPage.java:35)
at com.dru.qa.registration.pages.LoginPage.<init>(LoginPage.java:35)
at com.dru.qa.registration.pages.LoginPage.<init>(LoginPage.java:35)
at com.dru.qa.registration.pages.LoginPage.<init>(LoginPage.java:35)
at com.dru.qa.registration.pages.LoginPage.<init>(LoginPage.java:35)
at com.dru.qa.registration.pages.LoginPage.<init>(LoginPage.java:35)
at com.dru.qa.registration.pages.LoginPage.<init>(LoginPage.java:35)
at com.dru.qa.registration.pages.LoginPage.<init>(LoginPage.java:35)
at com.dru.qa.registration.pages.LoginPage.<init>(LoginPage.java:35)
at com.dru.qa.registration.pages.LoginPage.<init>(LoginPage.java:35)
at com.dru.qa.registration.pages.LoginPage.<init>(LoginPage.java:35)
at com.dru.qa.registration.pages.LoginPage.<init>(LoginPage.java:35)
at com.dru.qa.registration.pages.LoginPage.<init>(LoginPage.java:35)
at com.dru.qa.registration.pages.LoginPage.<init>(LoginPage.java:35)
at com.dru.qa.registration.pages.LoginPage.<init>(LoginPage.java:35)
at com.dru.qa.registration.pages.LoginPage.<init>(LoginPage.java:35)
at com.dru.qa.registration.pages.LoginPage.<init>(LoginPage.java:35)
at com.dru.qa.registration.pages.LoginPage.<init>(LoginPage.java:35)
at com.dru.qa.registration.pages.LoginPage.<init>(LoginPage.java:35)
at com.dru.qa.registration.pages.LoginPage.<init>(LoginPage.java:35)
at com.dru.qa.registration.pages.LoginPage.<init>(LoginPage.java:35)
at com.dru.qa.registration.pages.LoginPage.<init>(LoginPage.java:35)
at com.dru.qa.registration.pages.LoginPage.<init>(LoginPage.java:35)
at com.dru.qa.registration.pages.LoginPage.<init>(LoginPage.java:35)
at com.dru.qa.registration.pages.LoginPage.<init>(LoginPage.java:35)
at com.dru.qa.registration.pages.LoginPage.<init>(LoginPage.java:35)
at com.dru.qa.registration.pages.LoginPage.<init>(LoginPage.java:35)
at com.dru.qa.registration.pages.LoginPage.<init>(LoginPage.java:35)
at com.dru.qa.registration.pages.LoginPage.<init>(LoginPage.java:35)
at com.dru.qa.registration.pages.LoginPage.<init>(LoginPage.java:35)
at com.dru.qa.registration.pages.LoginPage.<init>(LoginPage.java:35)
at com.dru.qa.registration.pages.LoginPage.<init>(LoginPage.java:35)
at com.dru.qa.registration.pages.LoginPage.<init>(LoginPage.java:35)
at com.dru.qa.registration.pages.LoginPage.<init>(LoginPage.java:35)
at com.dru.qa.registration.pages.LoginPage.<init>(LoginPage.java:35)
at com.dru.qa.registration.pages.LoginPage.<init>(LoginPage.java:35)
at com.dru.qa.registration.pages.LoginPage.<init>(LoginPage.java:35)
at com.dru.qa.registration.pages.LoginPage.<init>(LoginPage.java:35)
at com.dru.qa.registration.pages.LoginPage.<init>(LoginPage.java:35)
at com.dru.qa.registration.pages.LoginPage.<init>(LoginPage.java:35)
at com.dru.qa.registration.pages.LoginPage.<init>(LoginPage.java:35)
at com.dru.qa.registration.pages.LoginPage.<init>(LoginPage.java:35)
at com.dru.qa.registration.pages.LoginPage.<init>(LoginPage.java:35)
at com.dru.qa.registration.pages.LoginPage.<init>(LoginPage.java:35)
at com.dru.qa.registration.pages.LoginPage.<init>(LoginPage.java:35)
at com.dru.qa.registration.pages.LoginPage.<init>(LoginPage.java:35)
at com.dru.qa.registration.pages.LoginPage.<init>(LoginPage.java:35)
at com.dru.qa.registration.pages.LoginPage.<init>(LoginPage.java:35)
at com.dru.qa.registration.pages.LoginPage.<init>(LoginPage.java:35)
at com.dru.qa.registration.pages.LoginPage.<init>(LoginPage.java:35)
at com.dru.qa.registration.pages.LoginPage.<init>(LoginPage.java:35)
at com.dru.qa.registration.pages.LoginPage.<init>(LoginPage.java:35)
at com.dru.qa.registration.pages.LoginPage.<init>(LoginPage.java:35)
at com.dru.qa.registration.pages.LoginPage.<init>(LoginPage.java:35)
at com.dru.qa.registration.pages.LoginPage.<init>(LoginPage.java:35)
at com.dru.qa.registration.pages.LoginPage.<init>(LoginPage.java:35)
at com.dru.qa.registration.pages.LoginPage.<init>(LoginPage.java:35)
at com.dru.qa.registration.pages.LoginPage.<init>(LoginPage.java:35)
at com.dru.qa.registration.pages.LoginPage.<init>(LoginPage.java:35)
at com.dru.qa.registration.pages.LoginPage.<init>(LoginPage.java:35)
at com.dru.qa.registration.pages.LoginPage.<init>(LoginPage.java:35)
at com.dru.qa.registration.pages.LoginPage.<init>(LoginPage.java:35)
at com.dru.qa.registration.pages.LoginPage.<init>(LoginPage.java:35)
at com.dru.qa.registration.pages.LoginPage.<init>(LoginPage.java:35)
at com.dru.qa.registration.pages.LoginPage.<init>(LoginPage.java:35)
at com.dru.qa.registration.pages.LoginPage.<init>(LoginPage.java:35)
at com.dru.qa.registration.pages.LoginPage.<init>(LoginPage.java:35)
at com.dru.qa.registration.pages.LoginPage.<init>(LoginPage.java:35)
at com.dru.qa.registration.pages.LoginPage.<init>(LoginPage.java:35)
at com.dru.qa.registration.pages.LoginPage.<init>(LoginPage.java:35)
at com.dru.qa.registration.pages.LoginPage.<init>(LoginPage.java:35)
at com.dru.qa.registration.pages.LoginPage.<init>(LoginPage.java:35)
at com.dru.qa.registration.pages.LoginPage.<init>(LoginPage.java:35)
at com.dru.qa.registration.pages.LoginPage.<init>(LoginPage.java:35)
at com.dru.qa.registration.pages.LoginPage.<init>(LoginPage.java:35)
at com.dru.qa.registration.pages.LoginPage.<init>(LoginPage.java:35)
at com.dru.qa.registration.pages.LoginPage.<init>(LoginPage.java:35)
at com.dru.qa.registration.pages.LoginPage.<init>(LoginPage.java:35)
at com.dru.qa.registration.pages.LoginPage.<init>(LoginPage.java:35)
at com.dru.qa.registration.pages.LoginPage.<init>(LoginPage.java:35)
at com.dru.qa.registration.pages.LoginPage.<init>(LoginPage.java:35)
at com.dru.qa.registration.pages.LoginPage.<init>(LoginPage.java:35)
at com.dru.qa.registration.pages.LoginPage.<init>(LoginPage.java:35)
at com.dru.qa.registration.pages.LoginPage.<init>(LoginPage.java:35)
at com.dru.qa.registration.pages.LoginPage.<init>(LoginPage.java:35)
at com.dru.qa.registration.pages.LoginPage.<init>(LoginPage.java:35)
at com.dru.qa.registration.pages.LoginPage.<init>(LoginPage.java:35)
at com.dru.qa.registration.pages.LoginPage.<init>(LoginPage.java:35)
at com.dru.qa.registration.pages.LoginPage.<init>(LoginPage.java:35)
at com.dru.qa.registration.pages.LoginPage.<init>(LoginPage.java:35)
at com.dru.qa.registration.pages.LoginPage.<init>(LoginPage.java:35)
at com.dru.qa.registration.pages.LoginPage.<init>(LoginPage.java:35)
at com.dru.qa.registration.pages.LoginPage.<init>(LoginPage.java:35)
at com.dru.qa.registration.pages.LoginPage.<init>(LoginPage.java:35)
at com.dru.qa.registration.pages.LoginPage.<init>(LoginPage.java:35)
at com.dru.qa.registration.pages.LoginPage.<init>(LoginPage.java:35)
at com.dru.qa.registration.pages.LoginPage.<init>(LoginPage.java:35)
at com.dru.qa.registration.pages.LoginPage.<init>(LoginPage.java:35)
at com.dru.qa.registration.pages.LoginPage.<init>(LoginPage.java:35)
at com.dru.qa.registration.pages.LoginPage.<init>(LoginPage.java:35)
at com.dru.qa.registration.pages.LoginPage.<init>(LoginPage.java:35)
at com.dru.qa.registration.pages.LoginPage.<init>(LoginPage.java:35)
at com.dru.qa.registration.pages.LoginPage.<init>(LoginPage.java:35)
at com.dru.qa.registration.pages.LoginPage.<init>(LoginPage.java:35)
at com.dru.qa.registration.pages.LoginPage.<init>(LoginPage.java:35)
at com.dru.qa.registration.pages.LoginPage.<init>(LoginPage.java:35)
at com.dru.qa.registration.pages.LoginPage.<init>(LoginPage.java:35)
at com.dru.qa.registration.pages.LoginPage.<init>(LoginPage.java:35)
at com.dru.qa.registration.pages.LoginPage.<init>(LoginPage.java:35)
at com.dru.qa.registration.pages.LoginPage.<init>(LoginPage.java:35)
at com.dru.qa.registration.pages.LoginPage.<init>(LoginPage.java:35)
at com.dru.qa.registration.pages.LoginPage.<init>(LoginPage.java:35)
at com.dru.qa.registration.pages.LoginPage.<init>(LoginPage.java:35)
at com.dru.qa.registration.pages.LoginPage.<init>(LoginPage.java:35)
at com.dru.qa.registration.pages.LoginPage.<init>(LoginPage.java:35)
at com.dru.qa.registration.pages.LoginPage.<init>(LoginPage.java:35)
at com.dru.qa.registration.pages.LoginPage.<init>(LoginPage.java:35)
at com.dru.qa.registration.pages.LoginPage.<init>(LoginPage.java:35)
at com.dru.qa.registration.pages.LoginPage.<init>(LoginPage.java:35)
at com.dru.qa.registration.pages.LoginPage.<init>(LoginPage.java:35)
at com.dru.qa.registration.pages.LoginPage.<init>(LoginPage.java:35)
at com.dru.qa.registration.pages.LoginPage.<init>(LoginPage.java:35)
at com.dru.qa.registration.pages.LoginPage.<init>(LoginPage.java:35)
at com.dru.qa.registration.pages.LoginPage.<init>(LoginPage.java:35)
at com.dru.qa.registration.pages.LoginPage.<init>(LoginPage.java:35)
at com.dru.qa.registration.pages.LoginPage.<init>(LoginPage.java:35)
at com.dru.qa.registration.pages.LoginPage.<init>(LoginPage.java:35)
at com.dru.qa.registration.pages.LoginPage.<init>(LoginPage.java:35)
at com.dru.qa.registration.pages.LoginPage.<init>(LoginPage.java:35)
at com.dru.qa.registration.pages.LoginPage.<init>(LoginPage.java:35)
at com.dru.qa.registration.pages.LoginPage.<init>(LoginPage.java:35)
at com.dru.qa.registration.pages.LoginPage.<init>(LoginPage.java:35)
at com.dru.qa.registration.pages.LoginPage.<init>(LoginPage.java:35)
at com.dru.qa.registration.pages.LoginPage.<init>(LoginPage.java:35)
at com.dru.qa.registration.pages.LoginPage.<init>(LoginPage.java:35)
at com.dru.qa.registration.pages.LoginPage.<init>(LoginPage.java:35)
at com.dru.qa.registration.pages.LoginPage.<init>(LoginPage.java:35)
at com.dru.qa.registration.pages.LoginPage.<init>(LoginPage.java:35)
at com.dru.qa.registration.pages.LoginPage.<init>(LoginPage.java:35)
at com.dru.qa.registration.pages.LoginPage.<init>(LoginPage.java:35)
at com.dru.qa.registration.pages.LoginPage.<init>(LoginPage.java:35)
at com.dru.qa.registration.pages.LoginPage.<init>(LoginPage.java:35)
at com.dru.qa.registration.pages.LoginPage.<init>(LoginPage.java:35)
at com.dru.qa.registration.pages.LoginPage.<init>(LoginPage.java:35)
]]>
    </failure>
  </testcase> <!-- @BeforeMethod setup -->
  <testcase classname="com.dru.qa.registration.testcases.LoginTest" name="@AfterMethod tearDown" time="0.0">
    <skipped/>
  </testcase> <!-- @AfterMethod tearDown -->
  <testcase classname="com.dru.qa.registration.testcases.LoginTest" name="validateTitle" time="0.0">
    <skipped/>
  </testcase> <!-- validateTitle -->
  <testcase classname="com.dru.qa.registration.testcases.LoginTest" name="loginToCredentials" time="0.0">
    <ignored/>
  </testcase> <!-- loginToCredentials -->
  <testcase classname="com.dru.qa.registration.testcases.LoginTest" name="validateLoginPage" time="0.0">
    <ignored/>
  </testcase> <!-- validateLoginPage -->
</testsuite> <!-- Default test -->
