<?xml version="1.0" encoding="UTF-8"?>
<!-- Generated by org.testng.reporters.JUnitXMLReporter -->
<testsuite ignored="1" hostname="DESKTOP-FHVJCI1" failures="0" tests="1" name="Default test" time="26.393" errors="0" timestamp="2023-12-08T13:13:34 IST">
  <testcase classname="com.dru.qa.registration.testcases.UserManagementTest" name="uploadfile" time="6.2"/>
  <testcase classname="com.dru.qa.registration.testcases.UserManagementTest" name="validateUsers" time="0.0">
    <ignored/>
  </testcase> <!-- validateUsers -->
</testsuite> <!-- Default test -->
