<?xml version="1.0" encoding="UTF-8"?>
<!-- Generated by org.testng.reporters.JUnitXMLReporter -->
<testsuite ignored="1" hostname="DESKTOP-FHVJCI1" failures="2" tests="2" name="UserManagement High Prioirty" time="0.062" errors="0" timestamp="2023-12-26T14:39:55 IST">
  <testcase classname="com.dru.qa.registration.testcases.LoginTest" name="validateLoginPage" time="0.01">
    <failure type="java.lang.NullPointerException" message="Cannot invoke &amp;quot;com.dru.qa.registration.pages.LoginPage.validateLoginPage()&amp;quot; because &amp;quot;this.loginpage&amp;quot; is null">
      <![CDATA[java.lang.NullPointerException: Cannot invoke "com.dru.qa.registration.pages.LoginPage.validateLoginPage()" because "this.loginpage" is null
at com.dru.qa.registration.testcases.LoginTest.validateLoginPage(LoginTest.java:40)
at java.base/java.util.ArrayList.forEach(ArrayList.java:1596)
... Removed 25 stack frames]]>
    </failure>
  </testcase> <!-- validateLoginPage -->
  <testcase classname="com.dru.qa.registration.testcases.LoginTest" name="loginToCredentials" time="0.003">
    <failure type="java.lang.NullPointerException" message="Cannot invoke &amp;quot;com.dru.qa.registration.pages.LoginPage.login(String, String)&amp;quot; because &amp;quot;this.loginpage&amp;quot; is null">
      <![CDATA[java.lang.NullPointerException: Cannot invoke "com.dru.qa.registration.pages.LoginPage.login(String, String)" because "this.loginpage" is null
at com.dru.qa.registration.testcases.LoginTest.loginToCredentials(LoginTest.java:47)
at java.base/java.util.ArrayList.forEach(ArrayList.java:1596)
... Removed 25 stack frames]]>
    </failure>
  </testcase> <!-- loginToCredentials -->
  <testcase classname="com.dru.qa.registration.testcases.LoginTest" name="validateTitle" time="0.0">
    <ignored/>
  </testcase> <!-- validateTitle -->
</testsuite> <!-- UserManagement High Prioirty -->
