<?xml version="1.0" encoding="UTF-8"?>
<testng-results ignored="0" total="1" passed="1" failed="0" skipped="0">
  <reporter-output>
  </reporter-output>
  <suite started-at="2023-12-08T13:13:08 IST" name="Default suite" finished-at="2023-12-08T13:13:34 IST" duration-ms="26393">
    <groups>
    </groups>
    <test started-at="2023-12-08T13:13:08 IST" name="Default test" finished-at="2023-12-08T13:13:34 IST" duration-ms="26393">
      <class name="com.dru.qa.registration.testcases.UserManagementTest">
        <test-method is-config="true" signature="setup()[pri:0, instance:com.dru.qa.registration.testcases.UserManagementTest@1a482e36]" started-at="2023-12-08T13:13:08 IST" name="setup" finished-at="2023-12-08T13:13:28 IST" duration-ms="20135" status="PASS">
          <reporter-output>
          </reporter-output>
        </test-method> <!-- setup -->
        <test-method signature="uploadfile()[pri:1, instance:com.dru.qa.registration.testcases.UserManagementTest@1a482e36]" started-at="2023-12-08T13:13:28 IST" name="uploadfile" finished-at="2023-12-08T13:13:34 IST" duration-ms="6200" status="PASS">
          <reporter-output>
          </reporter-output>
        </test-method> <!-- uploadfile -->
      </class> <!-- com.dru.qa.registration.testcases.UserManagementTest -->
    </test> <!-- Default test -->
  </suite> <!-- Default suite -->
</testng-results>
